/home/sudingli/workplace/hsd3/train.py:537: UserWarning: 
The version_base parameter is not specified.
Please specify a compatability version level, or None.
Will assume defaults for version 1.1
  @hydra.main(config_path='config')
/home/sudingli/workplace/hsd3/pretrain2.py:966: UserWarning: 
The version_base parameter is not specified.
Please specify a compatability version level, or None.
Will assume defaults for version 1.1
  @hydra.main(config_path='/home/sudingli/workplace/hsd3/config')
/home/sudingli/miniconda3/lib/python3.10/site-packages/hydra/_internal/defaults_list.py:251: UserWarning: In 'walker_pretrain': Defaults list is missing `_self_`. See https://hydra.cc/docs/1.2/upgrades/1.0_to_1.1/default_composition_order for more information
  warnings.warn(msg, UserWarning)
/home/sudingli/miniconda3/lib/python3.10/site-packages/hydra/_internal/hydra.py:119: UserWarning: Future Hydra versions will no longer change working directory at job runtime by default.
See https://hydra.cc/docs/1.2/upgrades/1.1_to_1.2/changes_to_job_working_dir/ for more information.
  ret = run_job(
[2023-05-19 19:58:45,326][__main__][INFO] - ** running from source tree at /home/sudingli/workplace/hsd3
[2023-05-19 19:58:45,326][__main__][INFO] - ** running at /home/sudingli/workplace/hsd3/outputs/2023-05-19/19-58-45
[2023-05-19 19:58:45,341][__main__][INFO] - ** configuration:
slurm:
  partition: learnfair
  cpus_per_task: 20
  gpus_per_task: 2
  time_min: 4320
  mem_gb: 32
  comment: ''
  max_restart: 3
seed: 0
device: cuda
log_level: info
visdom:
  host: localhost
  port: 8097
  env: main
  offline: true
  logfile: visdom.log
checkpoint_path: checkpoint-lo-hac.pt
keep_all_checkpoints: true
auto_adapt: false
dump_state_counts: 0
env:
  name: ContCtrlgsPreTraining-v1
  train_procs: 20
  eval_procs: 20
  args:
    robot: Walker
    features: bodyfeet
    idle_steps: 0
    max_steps: 72
    precision: 0.1
    resample_features: soft
    goal_sampling: uniform
    hard_reset_interval: 100
    implicit_soft_resets: true
    ctrl_cost: 0.001
  train_args:
    robot: Walker
    features: bodyfeet
    idle_steps: 0
    max_steps: 72
    precision: 0.1
    resample_features: soft
    goal_sampling: uniform
    hard_reset_interval: 100
    implicit_soft_resets: true
    ctrl_cost: 0.001
  eval_args:
    robot: Walker
    features: bodyfeet
    idle_steps: 0
    max_steps: 72
    precision: 0.1
    resample_features: soft
    goal_sampling: uniform
    hard_reset_interval: 100
    implicit_soft_resets: true
    ctrl_cost: 0.001
  wrappers: []
eval:
  interval: 100000
  metrics:
    episode_length: default
    return_disc: default
    return_undisc: default
  video:
    record_all: false
    length: 500
    size:
    - 480
    - 480
    annotations: true
  episodes_per_task: 50
video:
  interval: 500000
  length: 500
  size:
  - 480
  - 480
  annotations: true
agent:
  name: sacmt
  gamma: auto_horizon
  polyak: 0.995
  batch_size: 256
  rpbuf_size: 3000000.0
  rpbuf_device: auto
  samples_per_update: 1000
  num_updates: 50
  warmup_samples: 10000
  randexp_samples: 10000
  clip_grad_norm: 0.0
  update_reachability: true
  alpha: 0.1
  per_task_alpha: false
  target_entropy_factor: 1.0
  optim_alpha:
    _target_: torch.optim.Adam
    lr: 0.0001
  ignore_eoe: false
  flatten_obs: false
horizon: 72
idle_steps: 0
robot: Walker
features: bodyfeet
feature_dims: 0#1#2#3+4#5+6
feature_rank: 1
feature_rank_max: 99
ctrl_eps: 1.0
precision: 0.1
max_new_tasks: 1000
task_weighting: uniform
downrank: 0.1
lp_new_task: 0.1
lp_eps: 0.1
eval_mode: reachability
max_steps: 50000000.0
combine_after_steps: 0
backprop_fallover: false
estimate_joint_spaces: hac
init_model_from: null
distributed:
  num_actors: 1
  num_learners: 1
  rdvu_path: /tmp
model:
  pi: pi_d2rl_d_1024
  q: qd_d2rl_d_1024
  reachability: q_d2rl_d_1024
optim:
  pi:
    _target_: torch.optim.Adam
    lr: 0.0001
    fuse: true
  q:
    _target_: torch.optim.Adam
    lr: 0.0001
    fuse: true
  reachability:
    _target_: torch.optim.Adam
    lr: 0.0001
    fuse: true

[2023-05-19 19:58:45,400][__main__][INFO] - gamma set to 0.9861111111111112
/home/sudingli/miniconda3/lib/python3.10/site-packages/gym/logger.py:30: UserWarning: [33mWARN: Box bound precision lowered by casting to float32[0m
  warnings.warn(colorize('%s: %s'%('WARN', msg % args), 'yellow'))
[2023-05-19 19:58:45,886][train][INFO] - Model from config:
ModuleDict(
  (pi): Sequential(
    (0): FlattenSpace()
    (1): SkipNetwork(
      (layers): ModuleList(
        (0): Linear(in_features=73, out_features=1024, bias=True)
        (1-3): 3 x Linear(in_features=1097, out_features=1024, bias=True)
      )
    )
    (2): GaussianFromEmbedding(
      (mu): Linear(in_features=1024, out_features=6, bias=True)
      (log_std): Linear(in_features=1024, out_features=6, bias=True)
    )
    (3): TransformDistribution()
  )
  (q): Sequential(
    (0): FlattenSpace()
    (1): SkipDoubleQNetwork(
      (l0): Linear(in_features=79, out_features=2048, bias=True)
      (layers): ModuleList(
        (0-2): 3 x GroupedLinear(in_features=2206, out_features=2048, groups=2, bias=True)
      )
      (lN): GroupedLinear(in_features=2048, out_features=2, groups=2, bias=True)
    )
  )
  (reachability): Sequential(
    (0): FlattenSpace()
    (1): SkipNetwork(
      (layers): ModuleList(
        (0): Linear(in_features=79, out_features=1024, bias=True)
        (1-3): 3 x Linear(in_features=1103, out_features=1024, bias=True)
      )
    )
    (2): Linear(in_features=1024, out_features=1, bias=True)
    (3): SqueezeLastDim()
  )
)
/home/sudingli/workplace/hsd3/pretrain2.py:483: DeprecationWarning: In future, it will be an error for 'np.bool_' scalars to be interpreted as an index
  goalsa_reached[abstr] = th.tensor(reached).sum().item() / len(reached)
cuda
[2023-05-19 19:59:26,693][__main__][INFO] - eval done, goals reached 0.288, avg return -0.791, undisc avg -0.940 min -2.753 max +1.308
[2023-05-19 19:59:26,923][__main__][INFO] - Features rootz:p at ctrl 0.6379*
[2023-05-19 19:59:26,923][__main__][INFO] - Features rootx:p at ctrl 0.1200*
[2023-05-19 19:59:26,923][__main__][INFO] - Features rooty:p at ctrl 0.4068*
[2023-05-19 19:59:26,924][__main__][INFO] - Features left_foot:px,left_foot:pz at ctrl 0.0444*
[2023-05-19 19:59:26,924][__main__][INFO] - Features right_foot:px,right_foot:pz at ctrl 0.0789*
[2023-05-19 19:59:26,924][__main__][INFO] - Adding new abstraction rootz:p,rooty:p
[2023-05-19 19:59:26,925][__main__][INFO] - Adding new abstraction rootz:p,rootx:p
[2023-05-19 19:59:26,925][__main__][INFO] - Adding new abstraction rootz:p,right_foot:px,right_foot:pz
[2023-05-19 19:59:26,925][__main__][INFO] - Adding new abstraction rootx:p,rooty:p
[2023-05-19 19:59:26,926][__main__][INFO] - Adding new abstraction rooty:p,right_foot:px,right_foot:pz
[2023-05-19 19:59:26,926][__main__][INFO] - Adding new abstraction rootz:p,left_foot:px,left_foot:pz
[2023-05-19 19:59:26,926][__main__][INFO] - Adding new abstraction rooty:p,left_foot:px,left_foot:pz
[2023-05-19 19:59:26,927][__main__][INFO] - Adding new abstraction rootx:p,right_foot:px,right_foot:pz
[2023-05-19 19:59:26,928][__main__][INFO] - Adding new abstraction rootx:p,left_foot:px,left_foot:pz
[2023-05-19 19:59:26,928][__main__][INFO] - Adding new abstraction left_foot:px,left_foot:pz,right_foot:px,right_foot:pz
[2023-05-19 20:00:30,765][hucc.agents.sacmt][INFO] - Sample 10000, up 50, avg cur reward -0.060, pi loss -0.723, q loss +0.214, r loss +0.004, entropy +4.068, alpha 0.100
[2023-05-19 20:00:37,262][hucc.agents.sacmt][INFO] - Sample 11000, up 100, avg cur reward -0.060, pi loss -0.737, q loss +0.211, r loss +0.004, entropy +4.060, alpha 0.099
[2023-05-19 20:00:44,238][hucc.agents.sacmt][INFO] - Sample 12000, up 150, avg cur reward -0.064, pi loss -0.790, q loss +0.253, r loss +0.004, entropy +4.113, alpha 0.099
[2023-05-19 20:00:50,823][hucc.agents.sacmt][INFO] - Sample 13000, up 200, avg cur reward -0.061, pi loss -0.805, q loss +0.141, r loss +0.000, entropy +4.078, alpha 0.098
[2023-05-19 20:00:57,104][hucc.agents.sacmt][INFO] - Sample 14000, up 250, avg cur reward -0.066, pi loss -0.796, q loss +0.163, r loss +0.007, entropy +4.065, alpha 0.098
[2023-05-19 20:01:03,119][hucc.agents.sacmt][INFO] - Sample 15000, up 300, avg cur reward -0.067, pi loss -0.869, q loss +0.149, r loss +0.000, entropy +4.051, alpha 0.097
[2023-05-19 20:01:09,676][hucc.agents.sacmt][INFO] - Sample 16000, up 350, avg cur reward -0.059, pi loss -0.827, q loss +0.142, r loss +0.013, entropy +4.097, alpha 0.097
[2023-05-19 20:01:16,208][hucc.agents.sacmt][INFO] - Sample 17000, up 400, avg cur reward -0.061, pi loss -0.856, q loss +0.087, r loss +0.007, entropy +4.054, alpha 0.096
[2023-05-19 20:01:21,759][hucc.agents.sacmt][INFO] - Sample 18000, up 450, avg cur reward -0.066, pi loss -0.764, q loss +0.138, r loss +0.001, entropy +4.065, alpha 0.096
[2023-05-19 20:01:28,098][hucc.agents.sacmt][INFO] - Sample 19000, up 500, avg cur reward -0.062, pi loss -1.014, q loss +0.163, r loss +0.007, entropy +4.084, alpha 0.095
[2023-05-19 20:01:33,778][hucc.agents.sacmt][INFO] - Sample 20000, up 550, avg cur reward -0.062, pi loss -0.928, q loss +0.121, r loss +0.001, entropy +4.090, alpha 0.095
[2023-05-19 20:01:39,643][hucc.agents.sacmt][INFO] - Sample 21000, up 600, avg cur reward -0.058, pi loss -1.001, q loss +0.097, r loss +0.007, entropy +4.057, alpha 0.094
[2023-05-19 20:01:46,282][hucc.agents.sacmt][INFO] - Sample 22000, up 650, avg cur reward -0.062, pi loss -1.050, q loss +0.076, r loss +0.010, entropy +4.071, alpha 0.094
[2023-05-19 20:01:52,006][hucc.agents.sacmt][INFO] - Sample 23000, up 700, avg cur reward -0.064, pi loss -1.106, q loss +0.082, r loss +0.010, entropy +4.048, alpha 0.093
[2023-05-19 20:01:57,097][hucc.agents.sacmt][INFO] - Sample 24000, up 750, avg cur reward -0.064, pi loss -1.045, q loss +0.088, r loss +0.004, entropy +4.021, alpha 0.093
[2023-05-19 20:02:03,270][hucc.agents.sacmt][INFO] - Sample 25000, up 800, avg cur reward -0.058, pi loss -1.205, q loss +0.056, r loss +0.010, entropy +4.068, alpha 0.092
[2023-05-19 20:02:09,169][hucc.agents.sacmt][INFO] - Sample 26000, up 850, avg cur reward -0.055, pi loss -1.182, q loss +0.069, r loss +0.005, entropy +4.042, alpha 0.092
[2023-05-19 20:02:15,070][hucc.agents.sacmt][INFO] - Sample 27000, up 900, avg cur reward -0.056, pi loss -1.249, q loss +0.118, r loss +0.004, entropy +3.974, alpha 0.092
[2023-05-19 20:02:20,565][hucc.agents.sacmt][INFO] - Sample 28000, up 950, avg cur reward -0.049, pi loss -1.316, q loss +0.077, r loss +0.003, entropy +4.015, alpha 0.091
[2023-05-19 20:02:26,409][hucc.agents.sacmt][INFO] - Sample 29000, up 1000, avg cur reward -0.065, pi loss -1.275, q loss +0.096, r loss +0.007, entropy +3.932, alpha 0.091
[2023-05-19 20:02:32,291][hucc.agents.sacmt][INFO] - Sample 30000, up 1050, avg cur reward -0.053, pi loss -1.412, q loss +0.082, r loss +0.003, entropy +3.962, alpha 0.090
[2023-05-19 20:02:38,232][hucc.agents.sacmt][INFO] - Sample 31000, up 1100, avg cur reward -0.053, pi loss -1.423, q loss +0.079, r loss +0.002, entropy +3.940, alpha 0.090
[2023-05-19 20:02:44,640][hucc.agents.sacmt][INFO] - Sample 32000, up 1150, avg cur reward -0.056, pi loss -1.474, q loss +0.060, r loss +0.003, entropy +3.951, alpha 0.089
[2023-05-19 20:02:50,972][hucc.agents.sacmt][INFO] - Sample 33000, up 1200, avg cur reward -0.048, pi loss -1.585, q loss +0.145, r loss +0.008, entropy +3.871, alpha 0.089
[2023-05-19 20:02:57,160][hucc.agents.sacmt][INFO] - Sample 34000, up 1250, avg cur reward -0.039, pi loss -1.504, q loss +0.111, r loss +0.000, entropy +3.845, alpha 0.089
[2023-05-19 20:03:03,021][hucc.agents.sacmt][INFO] - Sample 35000, up 1300, avg cur reward -0.043, pi loss -1.518, q loss +0.114, r loss +0.001, entropy +3.897, alpha 0.088
[2023-05-19 20:03:08,582][hucc.agents.sacmt][INFO] - Sample 36000, up 1350, avg cur reward -0.045, pi loss -1.604, q loss +0.085, r loss +0.004, entropy +3.795, alpha 0.088
[2023-05-19 20:03:15,569][hucc.agents.sacmt][INFO] - Sample 37000, up 1400, avg cur reward -0.040, pi loss -1.627, q loss +0.091, r loss +0.008, entropy +3.768, alpha 0.087
[2023-05-19 20:03:22,838][hucc.agents.sacmt][INFO] - Sample 38000, up 1450, avg cur reward -0.045, pi loss -1.651, q loss +0.254, r loss +0.004, entropy +3.711, alpha 0.087
[2023-05-19 20:03:29,308][hucc.agents.sacmt][INFO] - Sample 39000, up 1500, avg cur reward -0.038, pi loss -1.757, q loss +0.067, r loss +0.005, entropy +3.745, alpha 0.087
[2023-05-19 20:03:35,064][hucc.agents.sacmt][INFO] - Sample 40000, up 1550, avg cur reward -0.041, pi loss -1.669, q loss +0.105, r loss +0.002, entropy +3.722, alpha 0.086
[2023-05-19 20:03:41,431][hucc.agents.sacmt][INFO] - Sample 41000, up 1600, avg cur reward -0.043, pi loss -1.826, q loss +0.075, r loss +0.001, entropy +3.666, alpha 0.086
[2023-05-19 20:03:47,605][hucc.agents.sacmt][INFO] - Sample 42000, up 1650, avg cur reward -0.038, pi loss -1.814, q loss +0.094, r loss +0.005, entropy +3.692, alpha 0.085
[2023-05-19 20:03:53,490][hucc.agents.sacmt][INFO] - Sample 43000, up 1700, avg cur reward -0.035, pi loss -1.848, q loss +0.134, r loss +0.003, entropy +3.532, alpha 0.085
[2023-05-19 20:03:59,267][hucc.agents.sacmt][INFO] - Sample 44000, up 1750, avg cur reward -0.029, pi loss -1.777, q loss +0.083, r loss +0.003, entropy +3.542, alpha 0.085
[2023-05-19 20:04:05,631][hucc.agents.sacmt][INFO] - Sample 45000, up 1800, avg cur reward -0.027, pi loss -1.862, q loss +0.213, r loss +0.003, entropy +3.493, alpha 0.084
[2023-05-19 20:04:12,090][hucc.agents.sacmt][INFO] - Sample 46000, up 1850, avg cur reward -0.025, pi loss -1.754, q loss +0.125, r loss +0.010, entropy +3.365, alpha 0.084
[2023-05-19 20:04:18,500][hucc.agents.sacmt][INFO] - Sample 47000, up 1900, avg cur reward -0.033, pi loss -2.005, q loss +0.100, r loss +0.003, entropy +3.356, alpha 0.083
[2023-05-19 20:04:24,641][hucc.agents.sacmt][INFO] - Sample 48000, up 1950, avg cur reward -0.026, pi loss -2.133, q loss +0.273, r loss +0.005, entropy +3.604, alpha 0.083
[2023-05-19 20:04:31,627][hucc.agents.sacmt][INFO] - Sample 49000, up 2000, avg cur reward -0.025, pi loss -2.144, q loss +0.146, r loss +0.004, entropy +3.423, alpha 0.083
[2023-05-19 20:04:37,873][hucc.agents.sacmt][INFO] - Sample 50000, up 2050, avg cur reward -0.025, pi loss -1.940, q loss +0.122, r loss +0.005, entropy +3.437, alpha 0.082
[2023-05-19 20:04:44,065][hucc.agents.sacmt][INFO] - Sample 51000, up 2100, avg cur reward -0.023, pi loss -2.207, q loss +0.133, r loss +0.006, entropy +3.236, alpha 0.082
[2023-05-19 20:04:50,415][hucc.agents.sacmt][INFO] - Sample 52000, up 2150, avg cur reward -0.027, pi loss -2.045, q loss +0.101, r loss +0.000, entropy +3.322, alpha 0.082
[2023-05-19 20:04:56,374][hucc.agents.sacmt][INFO] - Sample 53000, up 2200, avg cur reward -0.027, pi loss -2.105, q loss +0.210, r loss +0.003, entropy +3.214, alpha 0.081
[2023-05-19 20:05:02,646][hucc.agents.sacmt][INFO] - Sample 54000, up 2250, avg cur reward -0.026, pi loss -2.321, q loss +0.118, r loss +0.002, entropy +3.115, alpha 0.081
[2023-05-19 20:05:09,098][hucc.agents.sacmt][INFO] - Sample 55000, up 2300, avg cur reward -0.022, pi loss -2.365, q loss +0.163, r loss +0.002, entropy +3.133, alpha 0.080
[2023-05-19 20:05:15,500][hucc.agents.sacmt][INFO] - Sample 56000, up 2350, avg cur reward -0.027, pi loss -2.419, q loss +0.143, r loss +0.003, entropy +3.317, alpha 0.080
[2023-05-19 20:05:22,257][hucc.agents.sacmt][INFO] - Sample 57000, up 2400, avg cur reward -0.020, pi loss -2.337, q loss +0.112, r loss +0.001, entropy +3.083, alpha 0.080
[2023-05-19 20:05:28,651][hucc.agents.sacmt][INFO] - Sample 58000, up 2450, avg cur reward -0.022, pi loss -2.540, q loss +0.114, r loss +0.001, entropy +3.212, alpha 0.079
[2023-05-19 20:05:35,377][hucc.agents.sacmt][INFO] - Sample 59000, up 2500, avg cur reward -0.027, pi loss -2.420, q loss +0.137, r loss +0.001, entropy +3.124, alpha 0.079
[2023-05-19 20:05:41,729][hucc.agents.sacmt][INFO] - Sample 60000, up 2550, avg cur reward -0.019, pi loss -2.369, q loss +0.167, r loss +0.004, entropy +3.135, alpha 0.079
[2023-05-19 20:05:47,180][hucc.agents.sacmt][INFO] - Sample 61000, up 2600, avg cur reward -0.024, pi loss -2.474, q loss +0.119, r loss +0.001, entropy +3.211, alpha 0.078
[2023-05-19 20:05:53,893][hucc.agents.sacmt][INFO] - Sample 62000, up 2650, avg cur reward -0.017, pi loss -2.525, q loss +0.221, r loss +0.000, entropy +3.127, alpha 0.078
[2023-05-19 20:05:59,344][hucc.agents.sacmt][INFO] - Sample 63000, up 2700, avg cur reward -0.027, pi loss -2.582, q loss +0.094, r loss +0.003, entropy +3.000, alpha 0.078
[2023-05-19 20:06:04,755][hucc.agents.sacmt][INFO] - Sample 64000, up 2750, avg cur reward -0.022, pi loss -2.540, q loss +0.254, r loss +0.003, entropy +2.952, alpha 0.077
[2023-05-19 20:06:09,908][hucc.agents.sacmt][INFO] - Sample 65000, up 2800, avg cur reward -0.024, pi loss -2.576, q loss +0.224, r loss +0.001, entropy +3.154, alpha 0.077
[2023-05-19 20:06:15,465][hucc.agents.sacmt][INFO] - Sample 66000, up 2850, avg cur reward -0.023, pi loss -2.669, q loss +0.194, r loss +0.007, entropy +2.958, alpha 0.077
[2023-05-19 20:06:21,270][hucc.agents.sacmt][INFO] - Sample 67000, up 2900, avg cur reward -0.024, pi loss -2.477, q loss +0.211, r loss +0.003, entropy +3.179, alpha 0.076
[2023-05-19 20:06:26,490][hucc.agents.sacmt][INFO] - Sample 68000, up 2950, avg cur reward -0.019, pi loss -2.569, q loss +0.330, r loss +0.000, entropy +3.006, alpha 0.076
[2023-05-19 20:06:32,291][hucc.agents.sacmt][INFO] - Sample 69000, up 3000, avg cur reward -0.024, pi loss -2.892, q loss +0.110, r loss +0.001, entropy +3.127, alpha 0.076
[2023-05-19 20:06:38,465][hucc.agents.sacmt][INFO] - Sample 70000, up 3050, avg cur reward -0.020, pi loss -2.648, q loss +0.159, r loss +0.007, entropy +3.044, alpha 0.075
[2023-05-19 20:06:44,646][hucc.agents.sacmt][INFO] - Sample 71000, up 3100, avg cur reward -0.020, pi loss -2.951, q loss +0.107, r loss +0.001, entropy +3.139, alpha 0.075
[2023-05-19 20:06:51,080][hucc.agents.sacmt][INFO] - Sample 72000, up 3150, avg cur reward -0.020, pi loss -2.909, q loss +0.146, r loss +0.003, entropy +2.982, alpha 0.075
[2023-05-19 20:06:57,423][hucc.agents.sacmt][INFO] - Sample 73000, up 3200, avg cur reward -0.026, pi loss -2.949, q loss +0.141, r loss +0.006, entropy +2.893, alpha 0.074
[2023-05-19 20:07:04,052][hucc.agents.sacmt][INFO] - Sample 74000, up 3250, avg cur reward -0.034, pi loss -2.922, q loss +0.366, r loss +0.001, entropy +3.085, alpha 0.074
[2023-05-19 20:07:10,244][hucc.agents.sacmt][INFO] - Sample 75000, up 3300, avg cur reward -0.030, pi loss -2.852, q loss +0.199, r loss +0.004, entropy +3.146, alpha 0.074
[2023-05-19 20:07:16,577][hucc.agents.sacmt][INFO] - Sample 76000, up 3350, avg cur reward -0.020, pi loss -3.005, q loss +0.200, r loss +0.000, entropy +2.702, alpha 0.073
[2023-05-19 20:07:22,559][hucc.agents.sacmt][INFO] - Sample 77000, up 3400, avg cur reward -0.023, pi loss -3.100, q loss +0.197, r loss +0.002, entropy +2.974, alpha 0.073
[2023-05-19 20:07:28,489][hucc.agents.sacmt][INFO] - Sample 78000, up 3450, avg cur reward -0.019, pi loss -3.084, q loss +0.200, r loss +0.002, entropy +3.302, alpha 0.073
[2023-05-19 20:07:35,777][hucc.agents.sacmt][INFO] - Sample 79000, up 3500, avg cur reward -0.020, pi loss -3.149, q loss +0.167, r loss +0.004, entropy +3.094, alpha 0.072
[2023-05-19 20:07:41,644][hucc.agents.sacmt][INFO] - Sample 80000, up 3550, avg cur reward -0.021, pi loss -2.998, q loss +0.212, r loss +0.005, entropy +3.031, alpha 0.072
[2023-05-19 20:07:48,156][hucc.agents.sacmt][INFO] - Sample 81000, up 3600, avg cur reward -0.022, pi loss -3.149, q loss +0.198, r loss +0.003, entropy +2.871, alpha 0.072
[2023-05-19 20:07:54,178][hucc.agents.sacmt][INFO] - Sample 82000, up 3650, avg cur reward -0.022, pi loss -2.981, q loss +0.224, r loss +0.000, entropy +2.952, alpha 0.071
[2023-05-19 20:08:00,093][hucc.agents.sacmt][INFO] - Sample 83000, up 3700, avg cur reward -0.023, pi loss -3.328, q loss +0.245, r loss +0.004, entropy +2.992, alpha 0.071
[2023-05-19 20:08:06,251][hucc.agents.sacmt][INFO] - Sample 84000, up 3750, avg cur reward -0.017, pi loss -3.033, q loss +0.206, r loss +0.001, entropy +3.166, alpha 0.071
[2023-05-19 20:08:12,115][hucc.agents.sacmt][INFO] - Sample 85000, up 3800, avg cur reward -0.022, pi loss -3.145, q loss +0.462, r loss +0.005, entropy +2.864, alpha 0.070
[2023-05-19 20:08:17,969][hucc.agents.sacmt][INFO] - Sample 86000, up 3850, avg cur reward -0.026, pi loss -3.288, q loss +0.281, r loss +0.001, entropy +2.985, alpha 0.070
[2023-05-19 20:08:23,746][hucc.agents.sacmt][INFO] - Sample 87000, up 3900, avg cur reward -0.020, pi loss -3.273, q loss +0.180, r loss +0.004, entropy +2.734, alpha 0.070
[2023-05-19 20:08:29,368][hucc.agents.sacmt][INFO] - Sample 88000, up 3950, avg cur reward -0.018, pi loss -3.222, q loss +0.246, r loss +0.000, entropy +2.959, alpha 0.069
[2023-05-19 20:08:34,863][hucc.agents.sacmt][INFO] - Sample 89000, up 4000, avg cur reward -0.026, pi loss -3.078, q loss +0.215, r loss +0.001, entropy +2.875, alpha 0.069
[2023-05-19 20:08:40,103][hucc.agents.sacmt][INFO] - Sample 90000, up 4050, avg cur reward -0.019, pi loss -3.263, q loss +0.317, r loss +0.001, entropy +2.918, alpha 0.069
[2023-05-19 20:08:45,494][hucc.agents.sacmt][INFO] - Sample 91000, up 4100, avg cur reward -0.024, pi loss -3.578, q loss +0.192, r loss +0.002, entropy +2.868, alpha 0.069
[2023-05-19 20:08:51,515][hucc.agents.sacmt][INFO] - Sample 92000, up 4150, avg cur reward -0.021, pi loss -3.489, q loss +0.177, r loss +0.004, entropy +3.064, alpha 0.068
[2023-05-19 20:08:57,682][hucc.agents.sacmt][INFO] - Sample 93000, up 4200, avg cur reward -0.021, pi loss -3.280, q loss +0.153, r loss +0.003, entropy +2.909, alpha 0.068
[2023-05-19 20:09:03,541][hucc.agents.sacmt][INFO] - Sample 94000, up 4250, avg cur reward -0.019, pi loss -3.479, q loss +0.175, r loss +0.001, entropy +2.718, alpha 0.068
[2023-05-19 20:09:10,052][hucc.agents.sacmt][INFO] - Sample 95000, up 4300, avg cur reward -0.021, pi loss -3.387, q loss +0.178, r loss +0.000, entropy +2.851, alpha 0.067
[2023-05-19 20:09:16,329][hucc.agents.sacmt][INFO] - Sample 96000, up 4350, avg cur reward -0.020, pi loss -3.583, q loss +0.166, r loss +0.001, entropy +3.211, alpha 0.067
[2023-05-19 20:09:22,070][hucc.agents.sacmt][INFO] - Sample 97000, up 4400, avg cur reward -0.017, pi loss -3.202, q loss +0.232, r loss +0.003, entropy +2.978, alpha 0.067
[2023-05-19 20:09:28,274][hucc.agents.sacmt][INFO] - Sample 98000, up 4450, avg cur reward -0.019, pi loss -3.409, q loss +0.387, r loss +0.004, entropy +3.032, alpha 0.066
[2023-05-19 20:09:34,318][hucc.agents.sacmt][INFO] - Sample 99000, up 4500, avg cur reward -0.018, pi loss -3.417, q loss +0.228, r loss +0.001, entropy +2.636, alpha 0.066
[2023-05-19 20:09:40,395][hucc.agents.sacmt][INFO] - Sample 100000, up 4550, avg cur reward -0.021, pi loss -3.413, q loss +0.286, r loss +0.006, entropy +2.544, alpha 0.066
[2023-05-19 20:09:43,494][__main__][ERROR] - Error in training loop
Traceback (most recent call last):
  File "/home/sudingli/workplace/hsd3/pretrain2.py", line 957, in train_single_process
    train_loop_mfdim_actor(setup)
  File "/home/sudingli/workplace/hsd3/pretrain2.py", line 590, in train_loop_mfdim_actor
    est = estimate_ctrlb(setup)
  File "/home/sudingli/workplace/hsd3/pretrain2.py", line 173, in estimate_ctrlb
    th.bmm(
RuntimeError: batch1 must be a 3D tensor
Error executing job with overrides: []
Traceback (most recent call last):
  File "/home/sudingli/workplace/hsd3/pretrain2.py", line 994, in main
    train_single_process(cfg)
  File "/home/sudingli/workplace/hsd3/pretrain2.py", line 957, in train_single_process
    train_loop_mfdim_actor(setup)
  File "/home/sudingli/workplace/hsd3/pretrain2.py", line 590, in train_loop_mfdim_actor
    est = estimate_ctrlb(setup)
  File "/home/sudingli/workplace/hsd3/pretrain2.py", line 173, in estimate_ctrlb
    th.bmm(
RuntimeError: batch1 must be a 3D tensor

Set the environment variable HYDRA_FULL_ERROR=1 for a complete stack trace.
